<?xml version="1.0" encoding="UTF-8"?>
<!-- Generated by org.testng.reporters.JUnitReportReporter -->
<testsuite hostname="harshvardhan-PC" name="pom.DriverAmazon" tests="1" failures="0" timestamp="4 Jan 2020 11:08:36 GMT" time="36.282" errors="0">
  <testcase name="amazonAndFlipkart" time="36.282" classname="pom.DriverAmazon"/>
</testsuite> <!-- pom.DriverAmazon -->
