<?xml version="1.0" encoding="UTF-8"?>
<!-- Generated by org.testng.reporters.JUnitReportReporter -->
<testsuite hostname="harshvardhan-PC" name="pom.DriverTripAdvisor" tests="1" failures="0" timestamp="4 Jan 2020 11:28:02 GMT" time="72.448" errors="0">
  <testcase name="tripadvisor" time="72.448" classname="pom.DriverTripAdvisor"/>
</testsuite> <!-- pom.DriverTripAdvisor -->
